 Downloading crates ...
  Downloaded ar_archive_writer v0.2.0
  Downloaded futures-timer v3.0.3
  Downloaded codemap v0.1.3
  Downloaded futures-lite v2.6.1
  Downloaded derive_builder_macro v0.20.2
  Downloaded data-url v0.3.2
  Downloaded diesel_table_macro_syntax v0.3.0
  Downloaded dsl_auto_type v0.2.0
  Downloaded kv-log-macro v1.0.7
  Downloaded jsonwebtoken v9.3.1
  Downloaded mini-moka v0.10.3
  Downloaded migrations_internals v2.3.0
  Downloaded native-tls v0.2.14
  Downloaded nonzero_ext v0.3.0
  Downloaded migrations_macros v2.3.0
  Downloaded hex v0.4.3
  Downloaded hyper-tls v0.6.0
  Downloaded async-global-executor v2.4.1
  Downloaded data-encoding v2.9.0
  Downloaded indexmap v1.9.3
  Downloaded md-5 v0.10.6
  Downloaded glob v0.3.3
  Downloaded hmac v0.12.1
  Downloaded compression-codecs v0.4.32
  Downloaded futures v0.3.31
  Downloaded multer v3.1.0
  Downloaded ff v0.13.1
  Downloaded dotenvy v0.15.7
  Downloaded futures-executor v0.3.31
  Downloaded async-compression v0.4.33
  Downloaded elliptic-curve v0.13.8
  Downloaded env_home v0.1.0
  Downloaded brotli-decompressor v5.0.0
  Downloaded dashmap v6.1.0
  Downloaded darling_core v0.21.3
  Downloaded darling_core v0.20.11
  Downloaded ref-cast-impl v1.0.25
  Downloaded ref-cast v1.0.25
  Downloaded crypto-bigint v0.5.5
  Downloaded oid-registry v0.7.1
  Downloaded pkcs8 v0.10.2
  Downloaded phf_shared v0.11.3
  Downloaded phf_macros v0.11.3
  Downloaded parking v2.2.1
  Downloaded der v0.7.10
  Downloaded num-integer v0.1.46
  Downloaded litrs v1.0.0
  Downloaded rustc_version v0.4.1
  Downloaded rustls-pemfile v1.0.4
  Downloaded rusticata-macros v4.1.0
  Downloaded sct v0.7.1
  Downloaded serde-value v0.7.0
  Downloaded async-std v1.13.2
  Downloaded thiserror-impl v1.0.69
  Downloaded tokio-macros v2.6.0
  Downloaded tokio-tungstenite v0.21.0
  Downloaded utf-8 v0.7.6
  Downloaded tungstenite v0.21.0
  Downloaded hyper v0.14.32
  Downloaded handlebars v6.3.2
  Downloaded pear v0.2.9
  Downloaded schemars v0.9.0
  Downloaded triomphe v0.1.15
  Downloaded yubico_ng v0.14.1
  Downloaded webauthn-attestation-ca v0.5.3
  Downloaded grass_compiler v0.13.4
  Downloaded web-time v1.1.0
  Downloaded uncased v0.9.10
  Downloaded minimal-lexical v0.2.1
  Downloaded rocket v0.5.1
  Downloaded portable-atomic v1.11.1
  Downloaded num-bigint v0.4.6
  Downloaded quick-error v2.0.1
  Downloaded pico-args v0.5.0
  Downloaded vcpkg v0.2.15
  Downloaded zerocopy-derive v0.8.27
  Downloaded p384 v0.13.1
  Downloaded oauth2 v5.0.0
  Downloaded webauthn-rs-core v0.5.3
  Downloaded object v0.32.2
  Downloaded hickory-proto v0.25.2
  Downloaded publicsuffix v2.3.0
  Downloaded openidconnect v4.0.1
  Downloaded num-bigint-dig v0.8.5
  Downloaded nom v8.0.0
  Downloaded moka v0.12.11
  Downloaded libm v0.2.15
  Downloaded lasso v0.7.3
  Downloaded http v0.2.12
  Downloaded html5gum v0.8.0
  Downloaded hkdf v0.12.4
  Downloaded hickory-resolver v0.25.2
  Downloaded which v8.0.0
  Downloaded webauthn-rs-proto v0.5.3
  Downloaded value-bag v1.11.1
  Downloaded totp-lite v2.0.1
  Downloaded opendal v0.54.1
  Downloaded threadpool v1.8.1
  Downloaded tagptr v0.2.0
  Downloaded syslog v7.0.0
  Downloaded syn v2.0.110
  Downloaded svg-hush v0.9.5
  Downloaded state v0.6.0
  Downloaded stacker v0.1.22
  Downloaded stable-pattern v0.1.0
  Downloaded scheduled-thread-pool v0.2.7
  Downloaded quick-xml v0.38.3
  Downloaded pest_meta v2.8.3
  Downloaded resolv-conf v0.7.5
  Downloaded openssl-sys v0.9.111
  Downloaded quanta v0.12.6
  Downloaded openssl v0.10.75
  Downloaded itertools v0.10.5
  Downloaded diesel v2.3.3
  Downloaded chrono-tz v0.10.4
  Downloaded pest v2.8.3
  Downloaded ubyte v0.10.4
  Downloaded spinning_top v0.3.0
  Downloaded schemars v1.1.0
  Downloaded rsa v0.9.8
  Downloaded rpassword v7.4.0
  Downloaded rocket_http v0.5.1
  Downloaded rocket_codegen v0.5.1
  Downloaded raw-cpuid v11.6.0
  Downloaded r2d2 v0.8.10
  Downloaded quoted_printable v0.5.1
  Downloaded psm v0.1.28
  Downloaded psl-types v2.0.11
  Downloaded proc-macro2-diagnostics v0.10.1
  Downloaded piper v0.2.4
  Downloaded phf_shared v0.12.1
  Downloaded phf v0.12.1
  Downloaded pest_generator v2.8.3
  Downloaded pest_derive v2.8.3
  Downloaded pear_codegen v0.2.9
  Downloaded yansi v1.0.1
  Downloaded xml-rs v0.8.28
  Downloaded x509-parser v0.16.0
  Downloaded winnow v0.6.26
  Downloaded webauthn-rs v0.5.3
  Downloaded uuid v1.18.1
  Downloaded serde_with_macros v3.15.1
  Downloaded serde_with v3.15.1
  Downloaded serde_plain v1.0.2
  Downloaded serde_cbor_2 v0.13.0
  Downloaded rustls v0.21.12
  Downloaded rtoolbox v0.0.3
  Downloaded rocket_ws v0.1.1
  Downloaded rmpv v1.3.0
  Downloaded rfc6979 v0.4.0
  Downloaded figment v0.10.19
  Downloaded diesel_derives v2.3.4
  Downloaded derive_more-impl v2.0.1
  Downloaded derive_more v2.0.1
  Downloaded tokio-native-tls v0.3.1
  Downloaded sec1 v0.7.3
  Downloaded rustls-webpki v0.101.7
  Downloaded lettre v0.11.19
  Downloaded pastey v0.1.1
  Downloaded password-hash v0.5.0
  Downloaded p256 v0.13.2
  Downloaded ordered-float v2.10.1
  Downloaded num_threads v0.1.7
  Downloaded num-order v1.2.0
  Downloaded num-modular v0.6.1
  Downloaded num-iter v0.1.45
  Downloaded num-derive v0.4.2
  Downloaded hashbrown v0.12.3
  Downloaded ucd-trie v0.1.7
  Downloaded tokio-stream v0.1.17
  Downloaded tokio-rustls v0.24.1
  Downloaded nom v7.1.3
  Downloaded hashbrown v0.14.5
  Downloaded governor v0.10.1
  Downloaded rand v0.8.5
  Downloaded iana-time-zone v0.1.64
  Downloaded cached v0.56.0
  Downloaded brotli v8.0.2
  Downloaded bigdecimal v0.4.9
  Downloaded reopen v1.0.3
  Downloaded pem-rfc7468 v0.7.0
  Downloaded num_cpus v1.17.0
  Downloaded half v2.7.1
  Downloaded chumsky v0.9.3
  Downloaded thiserror v1.0.69
  Downloaded spki v0.7.3
  Downloaded spin v0.9.8
  Downloaded socket2 v0.5.10
  Downloaded siphasher v1.0.1
  Downloaded simple_asn1 v0.6.3
  Downloaded signature v2.2.0
  Downloaded serde_path_to_error v0.1.20
  Downloaded primeorder v0.13.6
  Downloaded polling v3.11.0
  Downloaded phf_generator v0.11.3
  Downloaded pem v3.0.6
  Downloaded openssl-macros v0.1.1
  Downloaded event-listener v5.4.1
  Downloaded document-features v0.2.12
  Downloaded pkcs1 v0.7.5
  Downloaded phf v0.11.3
  Downloaded curve25519-dalek v4.1.3
  Downloaded ed25519-dalek v2.2.0
  Downloaded rand_core v0.6.4
  Downloaded rand_chacha v0.3.1
  Downloaded chrono v0.4.42
  Downloaded base64 v0.21.7
  Downloaded asn1-rs v0.6.2
  Downloaded dashmap v5.5.3
  Downloaded cron v0.15.0
  Downloaded critical-section v1.2.0
  Downloaded cookie v0.18.1
  Downloaded foreign-types-shared v0.1.1
  Downloaded event-listener-strategy v0.5.4
  Downloaded event-listener v2.5.3
  Downloaded email-encoding v0.4.1
  Downloaded ecdsa v0.16.9
  Downloaded compression-core v0.4.30
  Downloaded const-oid v0.9.6
  Downloaded async-lock v3.4.1
  Downloaded async-channel v2.5.0
  Downloaded async-channel v1.9.0
  Downloaded argon2 v0.5.3
  Downloaded httpdate v1.0.3
  Downloaded group v0.13.0
  Downloaded email_address v0.2.9
  Downloaded der-parser v9.0.0
  Downloaded futures-macro v0.3.31
  Downloaded enum-as-inner v0.6.1
  Downloaded ed25519 v2.2.3
  Downloaded dyn-clone v1.0.20
  Downloaded darling v0.20.11
  Downloaded base64ct v1.8.0
  Downloaded derive_builder_core v0.20.2
  Downloaded derive_builder v0.20.2
  Downloaded async-trait v0.1.89
  Downloaded darling v0.21.3
  Downloaded concurrent-queue v2.5.0
  Downloaded ahash v0.8.12
  Downloaded job_scheduler_ng v2.4.0
  Downloaded jetscii v0.5.3
  Downloaded is-terminal v0.4.17
  Downloaded inlinable_string v0.1.15
  Downloaded http-body v0.4.6
  Downloaded hostname v0.4.1
  Downloaded foreign-types v0.3.2
  Downloaded curve25519-dalek-derive v0.1.1
  Downloaded atomic v0.5.3
  Downloaded async-stream v0.3.6
  Downloaded downcast-rs v2.0.2
  Downloaded diesel_migrations v2.3.0
  Downloaded diesel-derive-newtype v2.1.2
  Downloaded devise_core v0.4.2
  Downloaded devise_codegen v0.4.2
  Downloaded devise v0.4.2
  Downloaded darling_macro v0.21.3
  Downloaded cookie_store v0.22.0
  Downloaded cookie_store v0.21.1
  Downloaded darling_macro v0.20.11
  Downloaded base16ct v0.2.0
  Downloaded async-stream-impl v0.3.6
  Downloaded asn1-rs-impl v0.2.0
  Downloaded asn1-rs-derive v0.5.1
  Downloaded alloc-stdlib v0.2.2
  Downloaded alloc-no-stdlib v2.0.4
  Downloaded cached_proc_macro_types v0.1.1
  Downloaded cached_proc_macro v0.25.0
  Downloaded blocking v1.6.2
  Downloaded blake2 v0.10.6
  Downloaded binascii v0.1.4
  Downloaded backon v1.6.0
  Downloaded base64urlsafedata v0.5.3
  Downloaded async-task v4.7.1
  Downloaded async-signal v0.2.13
  Downloaded async-process v2.5.0
  Downloaded async-io v2.6.0
  Downloaded async-executor v1.13.3
   Compiling proc-macro2 v1.0.103
   Compiling unicode-ident v1.0.22
   Compiling quote v1.0.42
   Compiling libc v0.2.177
   Compiling cfg-if v1.0.4
   Compiling version_check v0.9.5
   Compiling serde_core v1.0.228
   Compiling memchr v2.7.6
   Compiling smallvec v1.15.1
   Compiling shlex v1.3.0
   Compiling find-msvc-tools v0.1.4
   Compiling pin-project-lite v0.2.16
   Compiling serde v1.0.228
error: linker `cc` not found
  |
  = note: No such file or directory (os error 2)

   Compiling itoa v1.0.15
error: could not compile `serde_core` (build script) due to 1 previous error
warning: build failed, waiting for other jobs to finish...
error: could not compile `quote` (build script) due to 1 previous error
error: could not compile `proc-macro2` (build script) due to 1 previous error
error: could not compile `libc` (build script) due to 1 previous error
error: could not compile `serde` (build script) due to 1 previous error
